"../../../Engine/Content/EngineMaterials/T_Default_Material_Grid_M.ubulk" 0
"../../../Engine/Content/EngineMaterials/T_Default_Material_Grid_M.uasset" 1
"../../../Engine/Content/EngineMaterials/T_Default_Material_Grid_M.uexp" 2
"../../../Engine/Content/EngineMaterials/T_Default_Material_Grid_N.ubulk" 3
"../../../Engine/Content/EngineMaterials/T_Default_Material_Grid_N.uasset" 4
"../../../Engine/Content/EngineMaterials/T_Default_Material_Grid_N.uexp" 5
"../../../Engine/Content/Functions/Engine_MaterialFunctions01/Opacity/CameraDepthFade.uasset" 6
"../../../Engine/Content/Functions/Engine_MaterialFunctions01/Opacity/CameraDepthFade.uexp" 7
"../../../Engine/Content/EngineMaterials/WorldGridMaterial.uasset" 8
"../../../Engine/Content/EngineMaterials/WorldGridMaterial.uexp" 9
"../../../Engine/Content/BasicShapes/Cube.ubulk" 10
"../../../Engine/Content/BasicShapes/Cube.uasset" 11
"../../../Engine/Content/BasicShapes/Cube.uexp" 12
"../../../Engine/Content/Functions/Engine_MaterialFunctions01/WorldPositionOffset/SimpleGrassWind.uasset" 13
"../../../Engine/Content/Functions/Engine_MaterialFunctions01/WorldPositionOffset/SimpleGrassWind.uexp" 14
"../../../Engine/Content/EngineMaterials/BlendFunc_DefBlend.uasset" 15
"../../../Engine/Content/EngineMaterials/BlendFunc_DefBlend.uexp" 16
"../../../Engine/Content/EngineMaterials/BlendFunc_DefBase.uasset" 17
"../../../Engine/Content/EngineMaterials/BlendFunc_DefBase.uexp" 18
"../../../Engine/Content/Functions/Engine_MaterialFunctions03/Blends/Blend_Darken.uasset" 19
"../../../Engine/Content/Functions/Engine_MaterialFunctions03/Blends/Blend_Darken.uexp" 20
"../../../Engine/Content/EngineMaterials/DefaultMaterial.uasset" 21
"../../../Engine/Content/EngineMaterials/DefaultMaterial.uexp" 22
"../../../Engine/Content/BasicShapes/Sphere.ubulk" 23
"../../../Engine/Content/BasicShapes/Sphere.uasset" 24
"../../../Engine/Content/BasicShapes/Sphere.uexp" 25
"../../../Engine/Content/EditorBlueprintResources/StandardMacros.uasset" 26
"../../../Engine/Content/EditorBlueprintResources/StandardMacros.uexp" 27
"../../../Engine/Plugins/2D/Paper2D/Content/PlaceholderTextures/DummySpriteTexture.ubulk" 28
"../../../Engine/Plugins/2D/Paper2D/Content/PlaceholderTextures/DummySpriteTexture.uasset" 29
"../../../Engine/Plugins/2D/Paper2D/Content/PlaceholderTextures/DummySpriteTexture.uexp" 30
"../../../Engine/Plugins/2D/Paper2D/Content/DefaultSpriteMaterial.uasset" 31
"../../../Engine/Plugins/2D/Paper2D/Content/DefaultSpriteMaterial.uexp" 32
"../../../Engine/Plugins/2D/Paper2D/Content/MaskedUnlitSpriteMaterial.uasset" 33
"../../../Engine/Plugins/2D/Paper2D/Content/MaskedUnlitSpriteMaterial.uexp" 34
"../../../Engine/Content/Animation/DefaultAnimCurveCompressionSettings.uasset" 35
"../../../Engine/Content/Animation/DefaultAnimCurveCompressionSettings.uexp" 36
"../../../Engine/Content/Animation/DefaultAnimBoneCompressionSettings.uasset" 37
"../../../Engine/Content/Animation/DefaultAnimBoneCompressionSettings.uexp" 38
"../../../Engine/Content/Animation/DefaultRecorderBoneCompression.uasset" 39
"../../../Engine/Content/Animation/DefaultRecorderBoneCompression.uexp" 40
"../../../Engine/Plugins/Animation/ControlRig/Content/Controls/DefaultGizmoLibrary.uasset" 41
"../../../Engine/Plugins/Animation/ControlRig/Content/Controls/DefaultGizmoLibrary.uexp" 42
"../../../Engine/Plugins/2D/Paper2D/Content/PlaceholderTextures/FlatNormalMap.uasset" 43
"../../../Engine/Plugins/2D/Paper2D/Content/PlaceholderTextures/FlatNormalMap.uexp" 44
"../../../Engine/Plugins/2D/Paper2D/Content/DefaultLitSpriteMaterial.uasset" 45
"../../../Engine/Plugins/2D/Paper2D/Content/DefaultLitSpriteMaterial.uexp" 46
"../../../Engine/Plugins/2D/Paper2D/Content/MaskedLitSpriteMaterial.uasset" 47
"../../../Engine/Plugins/2D/Paper2D/Content/MaskedLitSpriteMaterial.uexp" 48
"../../../Engine/Plugins/FX/Niagara/Content/Enums/SpriteRenderer/ENiagara_ScaleSpriteSize.uasset" 49
"../../../Engine/Plugins/FX/Niagara/Content/Enums/SpriteRenderer/ENiagara_ScaleSpriteSize.uexp" 50
"../../../Engine/Plugins/FX/Niagara/Content/Enums/ENiagaraSphereDistributionMode.uasset" 51
"../../../Engine/Plugins/FX/Niagara/Content/Enums/ENiagaraSphereDistributionMode.uexp" 52
"../../../Engine/Plugins/FX/Niagara/Content/Enums/ENiagaraTorusDistributionMode.uasset" 53
"../../../Engine/Plugins/FX/Niagara/Content/Enums/ENiagaraTorusDistributionMode.uexp" 54
"../../../Engine/Plugins/FX/Niagara/Content/Enums/ENiagaraRandomnessMode.uasset" 55
"../../../Engine/Plugins/FX/Niagara/Content/Enums/ENiagaraRandomnessMode.uexp" 56
"../../../Engine/Plugins/FX/Niagara/Content/Functions/GetRandomInfo.uasset" 57
"../../../Engine/Plugins/FX/Niagara/Content/Functions/GetRandomInfo.uexp" 58
"../../../Engine/Plugins/FX/Niagara/Content/Functions/RandomRangeFloat.uasset" 59
"../../../Engine/Plugins/FX/Niagara/Content/Functions/RandomRangeFloat.uexp" 60
"../../../Engine/Plugins/FX/Niagara/Content/Modules/Emitter/SpawnRate.uasset" 61
"../../../Engine/Plugins/FX/Niagara/Content/Modules/Emitter/SpawnRate.uexp" 62
"../../../Engine/Plugins/FX/Niagara/Content/Enums/ENiagaraRandomnessEvaluation.uasset" 63
"../../../Engine/Plugins/FX/Niagara/Content/Enums/ENiagaraRandomnessEvaluation.uexp" 64
"../../../Engine/Plugins/FX/Niagara/Content/Functions/V2/CalculateRandomRangeFloat.uasset" 65
"../../../Engine/Plugins/FX/Niagara/Content/Functions/V2/CalculateRandomRangeFloat.uexp" 66
"../../../Engine/Plugins/FX/Niagara/Content/DynamicInputs/UniformRange/V2/RandomRangeFloat.uasset" 67
"../../../Engine/Plugins/FX/Niagara/Content/DynamicInputs/UniformRange/V2/RandomRangeFloat.uexp" 68
"../../../Engine/Plugins/FX/Niagara/Content/Enums/Location/ENiagara_LocationShapes.uasset" 69
"../../../Engine/Plugins/FX/Niagara/Content/Enums/Location/ENiagara_LocationShapes.uexp" 70
"../../../Engine/Plugins/FX/Niagara/Content/Enums/ENiagara_MassInitializationMode.uasset" 71
"../../../Engine/Plugins/FX/Niagara/Content/Enums/ENiagara_MassInitializationMode.uexp" 72
"../../../Engine/Plugins/FX/Niagara/Content/Enums/Location/ENiagara_CylinderMode.uasset" 73
"../../../Engine/Plugins/FX/Niagara/Content/Enums/Location/ENiagara_CylinderMode.uexp" 74
"../../../Engine/Plugins/FX/Niagara/Content/Functions/Localspace/TransformBase.uasset" 75
"../../../Engine/Plugins/FX/Niagara/Content/Functions/Localspace/TransformBase.uexp" 76
"../../../Engine/Plugins/FX/Niagara/Content/Functions/Localspace/TransformVector.uasset" 77
"../../../Engine/Plugins/FX/Niagara/Content/Functions/Localspace/TransformVector.uexp" 78
"../../../Engine/Plugins/FX/Niagara/Content/Modules/Update/Forces/GravityForce.uasset" 79
"../../../Engine/Plugins/FX/Niagara/Content/Modules/Update/Forces/GravityForce.uexp" 80
"../../../Engine/Plugins/FX/Niagara/Content/Enums/ENiagara_PositionInitializationMode.uasset" 81
"../../../Engine/Plugins/FX/Niagara/Content/Enums/ENiagara_PositionInitializationMode.uexp" 82
"../../../Engine/Plugins/FX/Niagara/Content/Icons/Modules/T_Icon_Solver_LimitSpeed.uasset" 83
"../../../Engine/Plugins/FX/Niagara/Content/Icons/Modules/T_Icon_Solver_LimitSpeed.uexp" 84
"../../../Engine/Plugins/FX/Niagara/Content/Functions/DirectionAndLengthSafe.uasset" 85
"../../../Engine/Plugins/FX/Niagara/Content/Functions/DirectionAndLengthSafe.uexp" 86
"../../../Engine/Plugins/FX/Niagara/Content/Functions/Rotation/MultiplyQuaternion.uasset" 87
"../../../Engine/Plugins/FX/Niagara/Content/Functions/Rotation/MultiplyQuaternion.uexp" 88
"../../../Engine/Plugins/FX/Niagara/Content/Functions/Rotation/AxisAngleToQuaternion.uasset" 89
"../../../Engine/Plugins/FX/Niagara/Content/Functions/Rotation/AxisAngleToQuaternion.uexp" 90
"../../../Engine/Plugins/FX/Niagara/Content/Modules/Solvers/ApplyRotationVector.uasset" 91
"../../../Engine/Plugins/FX/Niagara/Content/Modules/Solvers/ApplyRotationVector.uexp" 92
"../../../Engine/Plugins/FX/Niagara/Content/Icons/Modules/T_Icon_Solver_RotationalSolve.uasset" 93
"../../../Engine/Plugins/FX/Niagara/Content/Icons/Modules/T_Icon_Solver_RotationalSolve.uexp" 94
"../../../Engine/Plugins/FX/Niagara/Content/Icons/Modules/T_Icon_Solver_LimitAccel.uasset" 95
"../../../Engine/Plugins/FX/Niagara/Content/Icons/Modules/T_Icon_Solver_LimitAccel.uexp" 96
"../../../Engine/Plugins/FX/Niagara/Content/Modules/Solvers/SolveForcesAndVelocity.uasset" 97
"../../../Engine/Plugins/FX/Niagara/Content/Modules/Solvers/SolveForcesAndVelocity.uexp" 98
"../../../Engine/Plugins/FX/Niagara/Content/Modules/Update/Forces/Drag.uasset" 99
"../../../Engine/Plugins/FX/Niagara/Content/Modules/Update/Forces/Drag.uexp" 100
"../../../Engine/Plugins/FX/Niagara/Content/Enums/ENiagaraScaleColorMode.uasset" 101
"../../../Engine/Plugins/FX/Niagara/Content/Enums/ENiagaraScaleColorMode.uexp" 102
"../../../Engine/Plugins/FX/Niagara/Content/Modules/Update/Color/ScaleColor.uasset" 103
"../../../Engine/Plugins/FX/Niagara/Content/Modules/Update/Color/ScaleColor.uexp" 104
"../../../Engine/Plugins/FX/Niagara/Content/Enums/ENiagara_SizeScaleMode.uasset" 105
"../../../Engine/Plugins/FX/Niagara/Content/Enums/ENiagara_SizeScaleMode.uexp" 106
"../../../Engine/Plugins/FX/Niagara/Content/Enums/ENiagara_UVFlippingMode.uasset" 107
"../../../Engine/Plugins/FX/Niagara/Content/Enums/ENiagara_UVFlippingMode.uexp" 108
"../../../Engine/Plugins/FX/Niagara/Content/Functions/Localspace/SimulationPosition.uasset" 109
"../../../Engine/Plugins/FX/Niagara/Content/Functions/Localspace/SimulationPosition.uexp" 110
"../../../Engine/Plugins/FX/Niagara/Content/Functions/V2/CalculateRandomRangeInteger.uasset" 111
"../../../Engine/Plugins/FX/Niagara/Content/Functions/V2/CalculateRandomRangeInteger.uexp" 112
"../../../Engine/Plugins/FX/Niagara/Content/Enums/Ribbons/ENiagara_UnsetDirectSetRandom.uasset" 113
"../../../Engine/Plugins/FX/Niagara/Content/Enums/Ribbons/ENiagara_UnsetDirectSetRandom.uexp" 114
"../../../Engine/Plugins/FX/Niagara/Content/Enums/ENiagara_LifetimeMode.uasset" 115
"../../../Engine/Plugins/FX/Niagara/Content/Enums/ENiagara_LifetimeMode.uexp" 116
"../../../Engine/Plugins/FX/Niagara/Content/Functions/V2/CalculateRandomRange.uasset" 117
"../../../Engine/Plugins/FX/Niagara/Content/Functions/V2/CalculateRandomRange.uexp" 118
"../../../Engine/Plugins/FX/Niagara/Content/Functions/V2/CalculateRandomBool.uasset" 119
"../../../Engine/Plugins/FX/Niagara/Content/Functions/V2/CalculateRandomBool.uexp" 120
"../../../Engine/Plugins/FX/Niagara/Content/Enums/Ribbons/ENiagara_UnsetDirectSet.uasset" 121
"../../../Engine/Plugins/FX/Niagara/Content/Enums/Ribbons/ENiagara_UnsetDirectSet.uexp" 122
"../../../Engine/Plugins/FX/Niagara/Content/Enums/ENiagara_SpriteRotationMode.uasset" 123
"../../../Engine/Plugins/FX/Niagara/Content/Enums/ENiagara_SpriteRotationMode.uexp" 124
"../../../Engine/Plugins/FX/Niagara/Content/Enums/ENiagara_ColorInitializationMode.uasset" 125
"../../../Engine/Plugins/FX/Niagara/Content/Enums/ENiagara_ColorInitializationMode.uexp" 126
"../../../Engine/Plugins/FX/Niagara/Content/Functions/LinearColor/HueShiftLinearColor.uasset" 127
"../../../Engine/Plugins/FX/Niagara/Content/Functions/LinearColor/HueShiftLinearColor.uexp" 128
"../../../Engine/Plugins/FX/Niagara/Content/Enums/ENiagaraChannelCorrelation.uasset" 129
"../../../Engine/Plugins/FX/Niagara/Content/Enums/ENiagaraChannelCorrelation.uexp" 130
"../../../Engine/Plugins/FX/Niagara/Content/Modules/Spawn/Initialization/V2/InitializeParticle.uasset" 131
"../../../Engine/Plugins/FX/Niagara/Content/Modules/Spawn/Initialization/V2/InitializeParticle.uexp" 132
"../../../Engine/Plugins/FX/Niagara/Content/Enums/Transforms/ENiagara_ScaleMode.uasset" 133
"../../../Engine/Plugins/FX/Niagara/Content/Enums/Transforms/ENiagara_ScaleMode.uexp" 134
"../../../Engine/Plugins/FX/Niagara/Content/Functions/Math/SaturateFloat.uasset" 135
"../../../Engine/Plugins/FX/Niagara/Content/Functions/Math/SaturateFloat.uexp" 136
"../../../Engine/Plugins/FX/Niagara/Content/Functions/Rotation/XYZRotationToQuaternion.uasset" 137
"../../../Engine/Plugins/FX/Niagara/Content/Functions/Rotation/XYZRotationToQuaternion.uexp" 138
"../../../Engine/Plugins/FX/Niagara/Content/Functions/Rotation/MultiplyVectorWithQuaternion.uasset" 139
"../../../Engine/Plugins/FX/Niagara/Content/Functions/Rotation/MultiplyVectorWithQuaternion.uexp" 140
"../../../Engine/Plugins/FX/Niagara/Content/Functions/Rotation/FindQuatBetween.uasset" 141
"../../../Engine/Plugins/FX/Niagara/Content/Functions/Rotation/FindQuatBetween.uexp" 142
"../../../Engine/Plugins/FX/Niagara/Content/Functions/V2/CalculateRandomUnitVector.uasset" 143
"../../../Engine/Plugins/FX/Niagara/Content/Functions/V2/CalculateRandomUnitVector.uexp" 144
"../../../Engine/Plugins/FX/Niagara/Content/Enums/Angles/ENiagara_AngleInput.uasset" 145
"../../../Engine/Plugins/FX/Niagara/Content/Enums/Angles/ENiagara_AngleInput.uexp" 146
"../../../Engine/Plugins/FX/Niagara/Content/Functions/Rotation/AngleUnitConverter.uasset" 147
"../../../Engine/Plugins/FX/Niagara/Content/Functions/Rotation/AngleUnitConverter.uexp" 148
"../../../Engine/Plugins/FX/Niagara/Content/Enums/Utility/ENiagara_VelocityMode.uasset" 149
"../../../Engine/Plugins/FX/Niagara/Content/Enums/Utility/ENiagara_VelocityMode.uexp" 150
"../../../Engine/Plugins/FX/Niagara/Content/Functions/Rotation/InvertQuaternion.uasset" 151
"../../../Engine/Plugins/FX/Niagara/Content/Functions/Rotation/InvertQuaternion.uexp" 152
"../../../Engine/Plugins/FX/Niagara/Content/Functions/Rotation/MatrixToQuaternion.uasset" 153
"../../../Engine/Plugins/FX/Niagara/Content/Functions/Rotation/MatrixToQuaternion.uexp" 154
"../../../Engine/Plugins/FX/Niagara/Content/Functions/Rotation/MakeQuaternionFrom3BasisVectors.uasset" 155
"../../../Engine/Plugins/FX/Niagara/Content/Functions/Rotation/MakeQuaternionFrom3BasisVectors.uexp" 156
"../../../Engine/Plugins/FX/Niagara/Content/Enums/Transforms/ENiagara_RotationMode.uasset" 157
"../../../Engine/Plugins/FX/Niagara/Content/Enums/Transforms/ENiagara_RotationMode.uexp" 158
"../../../Engine/Plugins/FX/Niagara/Content/Functions/Rotation/TransformStack/TransformStack_Rotation.uasset" 159
"../../../Engine/Plugins/FX/Niagara/Content/Functions/Rotation/TransformStack/TransformStack_Rotation.uexp" 160
"../../../Engine/Plugins/FX/Niagara/Content/Functions/Math/CalculateRandomPointInConeSphereIntersection.uasset" 161
"../../../Engine/Plugins/FX/Niagara/Content/Functions/Math/CalculateRandomPointInConeSphereIntersection.uexp" 162
"../../../Engine/Plugins/FX/Niagara/Content/Functions/NormalizeDistanceRange.uasset" 163
"../../../Engine/Plugins/FX/Niagara/Content/Functions/NormalizeDistanceRange.uexp" 164
"../../../Engine/Plugins/FX/Niagara/Content/Functions/DistanceBasedFalloff.uasset" 165
"../../../Engine/Plugins/FX/Niagara/Content/Functions/DistanceBasedFalloff.uexp" 166
"../../../Engine/Plugins/FX/Niagara/Content/Modules/Spawn/Velocity/AddVelocity.uasset" 167
"../../../Engine/Plugins/FX/Niagara/Content/Modules/Spawn/Velocity/AddVelocity.uexp" 168
"../../../Engine/Plugins/FX/Niagara/Content/Enums/ENiagaraEmitterLifeCycleMode.uasset" 169
"../../../Engine/Plugins/FX/Niagara/Content/Enums/ENiagaraEmitterLifeCycleMode.uexp" 170
"../../../Engine/Plugins/FX/Niagara/Content/Functions/Emitter/EmitterChangeState.uasset" 171
"../../../Engine/Plugins/FX/Niagara/Content/Functions/Emitter/EmitterChangeState.uexp" 172
"../../../Engine/Plugins/FX/Niagara/Content/Enums/ENiagara_InfiniteLoopDuration.uasset" 173
"../../../Engine/Plugins/FX/Niagara/Content/Enums/ENiagara_InfiniteLoopDuration.uexp" 174
"../../../Engine/Plugins/FX/Niagara/Content/Enums/ENiagara_EmitterStateOptions.uasset" 175
"../../../Engine/Plugins/FX/Niagara/Content/Enums/ENiagara_EmitterStateOptions.uexp" 176
"../../../Engine/Plugins/FX/Niagara/Content/Enums/ENiagaraInactiveMode.uasset" 177
"../../../Engine/Plugins/FX/Niagara/Content/Enums/ENiagaraInactiveMode.uexp" 178
"../../../Engine/Plugins/FX/Niagara/Content/Enums/ENiagaraExecutionStateManagement.uasset" 179
"../../../Engine/Plugins/FX/Niagara/Content/Enums/ENiagaraExecutionStateManagement.uexp" 180
"../../../Engine/Plugins/FX/Niagara/Content/Enums/ENiagaraEmitterScalabilityMode_Limited.uasset" 181
"../../../Engine/Plugins/FX/Niagara/Content/Enums/ENiagaraEmitterScalabilityMode_Limited.uexp" 182
"../../../Engine/Plugins/FX/Niagara/Content/Modules/Emitter/EmitterState.uasset" 183
"../../../Engine/Plugins/FX/Niagara/Content/Modules/Emitter/EmitterState.uexp" 184
"../../../Engine/Plugins/FX/Niagara/Content/Enums/Location/ENiagara_ConeMode.uasset" 185
"../../../Engine/Plugins/FX/Niagara/Content/Enums/Location/ENiagara_ConeMode.uexp" 186
"../../../Engine/Plugins/FX/Niagara/Content/Enums/ENiagaraSystemInactiveMode.uasset" 187
"../../../Engine/Plugins/FX/Niagara/Content/Enums/ENiagaraSystemInactiveMode.uexp" 188
"../../../Engine/Plugins/FX/Niagara/Content/Enums/ENiagara_AttributeSamplingApplyOutput.uasset" 189
"../../../Engine/Plugins/FX/Niagara/Content/Enums/ENiagara_AttributeSamplingApplyOutput.uexp" 190
"../../../Engine/Plugins/FX/Niagara/Content/Enums/Transforms/ENiagara_OffsetMode.uasset" 191
"../../../Engine/Plugins/FX/Niagara/Content/Enums/Transforms/ENiagara_OffsetMode.uexp" 192
"../../../Engine/Plugins/FX/Niagara/Content/Functions/System/SystemChangeState.uasset" 193
"../../../Engine/Plugins/FX/Niagara/Content/Functions/System/SystemChangeState.uexp" 194
"../../../Engine/Plugins/FX/Niagara/Content/Modules/System/SystemState.uasset" 195
"../../../Engine/Plugins/FX/Niagara/Content/Modules/System/SystemState.uexp" 196
"../../../Engine/Plugins/FX/Niagara/Content/Enums/Location/ENiagara_BoxPlaneMode.uasset" 197
"../../../Engine/Plugins/FX/Niagara/Content/Enums/Location/ENiagara_BoxPlaneMode.uexp" 198
"../../../Engine/Plugins/FX/Niagara/Content/Enums/Transforms/ENiagara_TransformOrder.uasset" 199
"../../../Engine/Plugins/FX/Niagara/Content/Enums/Transforms/ENiagara_TransformOrder.uexp" 200
"../../../Engine/Plugins/FX/Niagara/Content/Enums/Location/ENiagaraRingDiscMode.uasset" 201
"../../../Engine/Plugins/FX/Niagara/Content/Enums/Location/ENiagaraRingDiscMode.uexp" 202
"../../../Engine/Plugins/FX/Niagara/Content/DynamicInputs/ValueFromCurve/FloatFromCurve.uasset" 203
"../../../Engine/Plugins/FX/Niagara/Content/DynamicInputs/ValueFromCurve/FloatFromCurve.uexp" 204
"../../../Engine/Plugins/FX/Niagara/Content/Enums/ENiagaraShapeTorusMode.uasset" 205
"../../../Engine/Plugins/FX/Niagara/Content/Enums/ENiagaraShapeTorusMode.uexp" 206
"../../../Engine/Plugins/FX/Niagara/Content/Enums/ENiagaraExpansionMode.uasset" 207
"../../../Engine/Plugins/FX/Niagara/Content/Enums/ENiagaraExpansionMode.uexp" 208
"../../../Engine/Plugins/FX/Niagara/Content/Functions/Rotation/RotateVector2D.uasset" 209
"../../../Engine/Plugins/FX/Niagara/Content/Functions/Rotation/RotateVector2D.uexp" 210
"../../../Engine/Plugins/FX/Niagara/Content/Functions/V2/RemapRange.uasset" 211
"../../../Engine/Plugins/FX/Niagara/Content/Functions/V2/RemapRange.uexp" 212
"../../../Engine/Plugins/FX/Niagara/Content/Functions/IsolateLongestVectorComponent.uasset" 213
"../../../Engine/Plugins/FX/Niagara/Content/Functions/IsolateLongestVectorComponent.uexp" 214
"../../../Engine/Plugins/FX/Niagara/Content/Functions/RandomPointInBox.uasset" 215
"../../../Engine/Plugins/FX/Niagara/Content/Functions/RandomPointInBox.uexp" 216
"../../../Engine/Plugins/FX/Niagara/Content/Functions/ParametricTorusKnot.uasset" 217
"../../../Engine/Plugins/FX/Niagara/Content/Functions/ParametricTorusKnot.uexp" 218
"../../../Engine/Plugins/FX/Niagara/Content/Functions/PolarToCartesianCoordinates.uasset" 219
"../../../Engine/Plugins/FX/Niagara/Content/Functions/PolarToCartesianCoordinates.uexp" 220
"../../../Engine/Plugins/FX/Niagara/Content/Functions/ParametricTorus.uasset" 221
"../../../Engine/Plugins/FX/Niagara/Content/Functions/ParametricTorus.uexp" 222
"../../../Engine/Plugins/FX/Niagara/Content/Functions/Localspace/TransformPosition.uasset" 223
"../../../Engine/Plugins/FX/Niagara/Content/Functions/Localspace/TransformPosition.uexp" 224
"../../../Engine/Plugins/FX/Niagara/Content/Functions/NormalizedExecutionIndex.uasset" 225
"../../../Engine/Plugins/FX/Niagara/Content/Functions/NormalizedExecutionIndex.uexp" 226
"../../../Engine/Plugins/FX/Niagara/Content/Functions/SphericalToCartesianCoordinates.uasset" 227
"../../../Engine/Plugins/FX/Niagara/Content/Functions/SphericalToCartesianCoordinates.uexp" 228
"../../../Engine/Plugins/FX/Niagara/Content/Enums/Transforms/ENiagara_TransformType.uasset" 229
"../../../Engine/Plugins/FX/Niagara/Content/Enums/Transforms/ENiagara_TransformType.uexp" 230
"../../../Engine/Plugins/FX/Niagara/Content/Modules/Spawn/Location/V2/ShapeLocation.uasset" 231
"../../../Engine/Plugins/FX/Niagara/Content/Modules/Spawn/Location/V2/ShapeLocation.uexp" 232
"../../../Engine/Plugins/FX/Niagara/Content/Icons/Modules/T_Icon_Particle_InfiniteLife.uasset" 233
"../../../Engine/Plugins/FX/Niagara/Content/Icons/Modules/T_Icon_Particle_InfiniteLife.uexp" 234
"../../../Engine/Plugins/FX/Niagara/Content/Modules/Update/Lifetime/ParticleState.uasset" 235
"../../../Engine/Plugins/FX/Niagara/Content/Modules/Update/Lifetime/ParticleState.uexp" 236
"../../../Engine/Plugins/FX/Niagara/Content/Modules/Update/Size/ScaleSpriteSize.uasset" 237
"../../../Engine/Plugins/FX/Niagara/Content/Modules/Update/Size/ScaleSpriteSize.uexp" 238
"../../../Engine/Content/BasicShapes/Plane.ubulk" 239
"../../../Engine/Content/BasicShapes/Plane.uasset" 240
"../../../Engine/Content/BasicShapes/Plane.uexp" 241
"../../../Engine/Content/Functions/Engine_MaterialFunctions01/Gradient/LinearGradient.uasset" 242
"../../../Engine/Content/Functions/Engine_MaterialFunctions01/Gradient/LinearGradient.uexp" 243
"../../../Engine/Content/Functions/Engine_MaterialFunctions01/ImageAdjustment/3ColorBlend.uasset" 244
"../../../Engine/Content/Functions/Engine_MaterialFunctions01/ImageAdjustment/3ColorBlend.uexp" 245
"../../../Engine/Content/BasicShapes/Cone.ubulk" 246
"../../../Engine/Content/BasicShapes/Cone.uasset" 247
"../../../Engine/Content/BasicShapes/Cone.uexp" 248
"../../../Engine/Content/Functions/Engine_MaterialFunctions02/Utility/MakeFloat3.uasset" 249
"../../../Engine/Content/Functions/Engine_MaterialFunctions02/Utility/MakeFloat3.uexp" 250
"../../../Engine/Content/Functions/Engine_MaterialFunctions01/ImageAdjustment/CheapContrast.uasset" 251
"../../../Engine/Content/Functions/Engine_MaterialFunctions01/ImageAdjustment/CheapContrast.uexp" 252
"../../../Engine/Content/Functions/Engine_MaterialFunctions02/Utility/BreakOutFloat3Components.uasset" 253
"../../../Engine/Content/Functions/Engine_MaterialFunctions02/Utility/BreakOutFloat3Components.uexp" 254
"../../../Engine/Content/Functions/Engine_MaterialFunctions02/Utility/BlendAngleCorrectedNormals.uasset" 255
"../../../Engine/Content/Functions/Engine_MaterialFunctions02/Utility/BlendAngleCorrectedNormals.uexp" 256
"../../../Engine/Content/Functions/Engine_MaterialFunctions02/Utility/BreakOutFloat2Components.uasset" 257
"../../../Engine/Content/Functions/Engine_MaterialFunctions02/Utility/BreakOutFloat2Components.uexp" 258
"../../../Engine/Content/Functions/Engine_MaterialFunctions01/Texturing/ScaleUVsByCenter.uasset" 259
"../../../Engine/Content/Functions/Engine_MaterialFunctions01/Texturing/ScaleUVsByCenter.uexp" 260
"../../../Engine/Plugins/Animation/ControlRig/Content/Controls/DefaultGizmoLibraryNormalized.uasset" 261
"../../../Engine/Plugins/Animation/ControlRig/Content/Controls/DefaultGizmoLibraryNormalized.uexp" 262
"../../../Engine/Content/Functions/MaterialLayerFunctions/MatLayerBlend_NormalBlend.uasset" 263
"../../../Engine/Content/Functions/MaterialLayerFunctions/MatLayerBlend_NormalBlend.uexp" 264
"../../../Engine/Content/Functions/MaterialLayerFunctions/MatLayerBlend_Simple.uasset" 265
"../../../Engine/Content/Functions/MaterialLayerFunctions/MatLayerBlend_Simple.uexp" 266
"../../../Engine/Content/Functions/Engine_MaterialFunctions01/Gradient/RadialGradient.uasset" 267
"../../../Engine/Content/Functions/Engine_MaterialFunctions01/Gradient/RadialGradient.uexp" 268
"../../../Engine/Content/EditorMeshes/ColorCalibrator/T_ColorGrid.ubulk" 269
"../../../Engine/Content/EditorMeshes/ColorCalibrator/T_ColorGrid.uasset" 270
"../../../Engine/Content/EditorMeshes/ColorCalibrator/T_ColorGrid.uexp" 271
"../../../Engine/Content/ArtTools/RenderToTexture/Meshes/S_1_Unit_Plane.ubulk" 272
"../../../Engine/Content/ArtTools/RenderToTexture/Meshes/S_1_Unit_Plane.uasset" 273
"../../../Engine/Content/ArtTools/RenderToTexture/Meshes/S_1_Unit_Plane.uexp" 274
"../../../Engine/Content/BasicShapes/Cylinder.ubulk" 275
"../../../Engine/Content/BasicShapes/Cylinder.uasset" 276
"../../../Engine/Content/BasicShapes/Cylinder.uexp" 277
"../../../Engine/Content/EditorLandscapeResources/DefaultAlphaTexture.uasset" 278
"../../../Engine/Content/EditorLandscapeResources/DefaultAlphaTexture.uexp" 279
"../../../Engine/Content/EditorLandscapeResources/DataLayer.uasset" 280
"../../../Engine/Content/EditorLandscapeResources/DataLayer.uexp" 281
"../../../Engine/Content/EditorMaterials/PreviewShadowIndicator.ubulk" 282
"../../../Engine/Content/EditorMaterials/PreviewShadowIndicator.uasset" 283
"../../../Engine/Content/EditorMaterials/PreviewShadowIndicator.uexp" 284
"../../../Engine/Content/EditorMaterials/PreviewShadowIndicatorMaterial.uasset" 285
"../../../Engine/Content/EditorMaterials/PreviewShadowIndicatorMaterial.uexp" 286
"../../../Engine/Content/EditorMaterials/MAT_Groups_Visibility.uasset" 287
"../../../Engine/Content/EditorMaterials/MAT_Groups_Visibility.uexp" 288
"../../../Engine/Content/EditorMaterials/MAT_Groups_Toggle.uasset" 289
"../../../Engine/Content/EditorMaterials/MAT_Groups_Toggle.uexp" 290
"../../../Engine/Content/EditorMaterials/MatineeGroups/MAT_Groups_Vector.uasset" 291
"../../../Engine/Content/EditorMaterials/MatineeGroups/MAT_Groups_Vector.uexp" 292
"../../../Engine/Content/EditorMaterials/MatineeGroups/MAT_Groups_Sound.uasset" 293
"../../../Engine/Content/EditorMaterials/MatineeGroups/MAT_Groups_Sound.uexp" 294
"../../../Engine/Content/EditorMaterials/MatineeGroups/MAT_Groups_Slomo.uasset" 295
"../../../Engine/Content/EditorMaterials/MatineeGroups/MAT_Groups_Slomo.uexp" 296
"../../../Engine/Content/EditorMaterials/MatineeGroups/MAT_Groups_Move.uasset" 297
"../../../Engine/Content/EditorMaterials/MatineeGroups/MAT_Groups_Move.uexp" 298
"../../../Engine/Content/EditorMaterials/MatineeGroups/MAT_Groups_Float.uasset" 299
"../../../Engine/Content/EditorMaterials/MatineeGroups/MAT_Groups_Float.uexp" 300
"../../../Engine/Content/EditorMaterials/MatineeGroups/MAT_Groups_Fade.uasset" 301
"../../../Engine/Content/EditorMaterials/MatineeGroups/MAT_Groups_Fade.uexp" 302
"../../../Engine/Content/EditorMaterials/MatineeGroups/MAT_Groups_Event.uasset" 303
"../../../Engine/Content/EditorMaterials/MatineeGroups/MAT_Groups_Event.uexp" 304
"../../../Engine/Content/EditorMaterials/MatineeGroups/MAT_Groups_Director.uasset" 305
"../../../Engine/Content/EditorMaterials/MatineeGroups/MAT_Groups_Director.uexp" 306
"../../../Engine/Content/EditorMaterials/MatineeGroups/MAT_Groups_AudioMaster.uasset" 307
"../../../Engine/Content/EditorMaterials/MatineeGroups/MAT_Groups_AudioMaster.uexp" 308
"../../../Engine/Content/EditorMaterials/MatineeGroups/MAT_Groups_Anim.uasset" 309
"../../../Engine/Content/EditorMaterials/MatineeGroups/MAT_Groups_Anim.uexp" 310
"../../../Engine/Content/EditorMaterials/MatineeGroups/MAT_ColorTrack.uasset" 311
"../../../Engine/Content/EditorMaterials/MatineeGroups/MAT_ColorTrack.uexp" 312
"../../../Engine/Content/EditorMaterials/ParticleSystems/PSysThumbnail_OOD.ubulk" 313
"../../../Engine/Content/EditorMaterials/ParticleSystems/PSysThumbnail_OOD.uasset" 314
"../../../Engine/Content/EditorMaterials/ParticleSystems/PSysThumbnail_OOD.uexp" 315
"../../../Engine/Content/EditorMaterials/ParticleSystems/PSysThumbnail_NoImage.ubulk" 316
"../../../Engine/Content/EditorMaterials/ParticleSystems/PSysThumbnail_NoImage.uasset" 317
"../../../Engine/Content/EditorMaterials/ParticleSystems/PSysThumbnail_NoImage.uexp" 318
"../../../Engine/Content/Functions/Engine_MaterialFunctions02/Utility/MakeFloat4.uasset" 319
"../../../Engine/Content/Functions/Engine_MaterialFunctions02/Utility/MakeFloat4.uexp" 320
"../../../Engine/Content/EditorMaterials/WorldPartition/WorldPartitionSpatialHashGridPreviewMaterial.uasset" 321
"../../../Engine/Content/EditorMaterials/WorldPartition/WorldPartitionSpatialHashGridPreviewMaterial.uexp" 322
"../../../Engine/Content/EditorMaterials/Camera/CineMat.uasset" 323
"../../../Engine/Content/EditorMaterials/Camera/CineMat.uexp" 324
"../../../Engine/Content/EditorMaterials/Camera/MI_CineMat_Rig.uasset" 325
"../../../Engine/Content/EditorMaterials/Camera/MI_CineMat_Rig.uexp" 326
"../../../Engine/Content/EditorMeshes/Camera/SM_RailRig_Track.ubulk" 327
"../../../Engine/Content/EditorMeshes/Camera/SM_RailRig_Track.uasset" 328
"../../../Engine/Content/EditorMeshes/Camera/SM_RailRig_Track.uexp" 329
"../../../Engine/Content/EditorMeshes/Camera/SM_RailRig_Mount.ubulk" 330
"../../../Engine/Content/EditorMeshes/Camera/SM_RailRig_Mount.uasset" 331
"../../../Engine/Content/EditorMeshes/Camera/SM_RailRig_Mount.uexp" 332
"../../../Engine/Content/EditorMeshes/Camera/SM_CraneRig_Mount.ubulk" 333
"../../../Engine/Content/EditorMeshes/Camera/SM_CraneRig_Mount.uasset" 334
"../../../Engine/Content/EditorMeshes/Camera/SM_CraneRig_Mount.uexp" 335
"../../../Engine/Content/EditorMeshes/Camera/SM_CraneRig_Body.ubulk" 336
"../../../Engine/Content/EditorMeshes/Camera/SM_CraneRig_Body.uasset" 337
"../../../Engine/Content/EditorMeshes/Camera/SM_CraneRig_Body.uexp" 338
"../../../Engine/Content/EditorMeshes/Camera/SM_CraneRig_Base.ubulk" 339
"../../../Engine/Content/EditorMeshes/Camera/SM_CraneRig_Base.uasset" 340
"../../../Engine/Content/EditorMeshes/Camera/SM_CraneRig_Base.uexp" 341
"../../../Engine/Content/EditorMeshes/Camera/SM_CraneRig_Arm.ubulk" 342
"../../../Engine/Content/EditorMeshes/Camera/SM_CraneRig_Arm.uasset" 343
"../../../Engine/Content/EditorMeshes/Camera/SM_CraneRig_Arm.uexp" 344
"../../../Engine/Content/EditorResources/S_TriggerSphere.uasset" 345
"../../../Engine/Content/EditorResources/S_TriggerSphere.uexp" 346
"../../../Engine/Content/EditorResources/S_TriggerCapsule.uasset" 347
"../../../Engine/Content/EditorResources/S_TriggerCapsule.uexp" 348
"../../../Engine/Content/EditorResources/S_TriggerBox.uasset" 349
"../../../Engine/Content/EditorResources/S_TriggerBox.uexp" 350
"../../../Engine/Content/EditorResources/S_Trigger.ubulk" 351
"../../../Engine/Content/EditorResources/S_Trigger.uasset" 352
"../../../Engine/Content/EditorResources/S_Trigger.uexp" 353
"../../../Engine/Content/EditorResources/S_Terrain.ubulk" 354
"../../../Engine/Content/EditorResources/S_Terrain.uasset" 355
"../../../Engine/Content/EditorResources/S_Terrain.uexp" 356
"../../../Engine/Content/EditorResources/S_Solver.ubulk" 357
"../../../Engine/Content/EditorResources/S_Solver.uasset" 358
"../../../Engine/Content/EditorResources/S_Solver.uexp" 359
"../../../Engine/Content/EditorResources/S_BoxReflectionCapture.uasset" 360
"../../../Engine/Content/EditorResources/S_BoxReflectionCapture.uexp" 361
"../../../Engine/Content/EditorResources/S_Actor.ubulk" 362
"../../../Engine/Content/EditorResources/S_Actor.uasset" 363
"../../../Engine/Content/EditorResources/S_Actor.uexp" 364
"../../../Engine/Content/EditorResources/EmptyActor.uasset" 365
"../../../Engine/Content/EditorResources/EmptyActor.uexp" 366
"../../../Engine/Content/EditorResources/BSPVertex.uasset" 367
"../../../Engine/Content/EditorResources/BSPVertex.uexp" 368
"../../../Engine/Content/EditorResources/AudioIcons/S_AudioComponent_AutoActivate.uasset" 369
"../../../Engine/Content/EditorResources/AudioIcons/S_AudioComponent_AutoActivate.uexp" 370
"../../../Engine/Content/EditorResources/AudioIcons/S_AudioComponent.uasset" 371
"../../../Engine/Content/EditorResources/AudioIcons/S_AudioComponent.uexp" 372
"../../../Engine/Content/EditorResources/LightIcons/S_LightError.uasset" 373
"../../../Engine/Content/EditorResources/LightIcons/S_LightError.uexp" 374
"../../../Engine/Content/EditorResources/SequenceRecorder/RecordingIndicator.uasset" 375
"../../../Engine/Content/EditorResources/SequenceRecorder/RecordingIndicator.uexp" 376
"../../../Engine/Content/EditorResources/SequenceRecorder/Countdown.uasset" 377
"../../../Engine/Content/EditorResources/SequenceRecorder/Countdown.uexp" 378
"../../../Engine/Content/EngineDamageTypes/DmgTypeBP_Environmental.uasset" 379
"../../../Engine/Content/EngineDamageTypes/DmgTypeBP_Environmental.uexp" 380
"../../../Engine/Content/Functions/Engine_MaterialFunctions02/Utility/CameraDirectionVector.uasset" 381
"../../../Engine/Content/Functions/Engine_MaterialFunctions02/Utility/CameraDirectionVector.uexp" 382
"../../../Engine/Content/EngineDebugMaterials/VolumeToRender.uasset" 383
"../../../Engine/Content/EngineDebugMaterials/VolumeToRender.uexp" 384
"../../../Engine/Content/EngineDebugMaterials/M_VolumeRenderSphereTracePP.uasset" 385
"../../../Engine/Content/EngineDebugMaterials/M_VolumeRenderSphereTracePP.uexp" 386
"../../../Engine/Content/EngineDebugMaterials/M_SimpleUnlitTranslucent.uasset" 387
"../../../Engine/Content/EngineDebugMaterials/M_SimpleUnlitTranslucent.uexp" 388
"../../../Engine/Content/EngineDebugMaterials/DebugMeshMaterial.uasset" 389
"../../../Engine/Content/EngineDebugMaterials/DebugMeshMaterial.uexp" 390
"../../../Engine/Content/EngineDebugMaterials/DebugEditorMaterial.uasset" 391
"../../../Engine/Content/EngineDebugMaterials/DebugEditorMaterial.uexp" 392
"../../../Engine/Content/EngineFonts/Faces/RobotoLight.uexp" 393
"../../../Engine/Content/EngineFonts/Faces/RobotoLight.uasset" 394
"../../../Engine/Content/EngineFonts/Faces/RobotoLight.ufont" 395
"../../../Engine/Content/EngineFonts/Faces/RobotoBold.uexp" 396
"../../../Engine/Content/EngineFonts/Faces/RobotoBold.uasset" 397
"../../../Engine/Content/EngineFonts/Faces/RobotoBold.ufont" 398
"../../../Engine/Content/EngineFonts/Faces/RobotoRegular.uexp" 399
"../../../Engine/Content/EngineFonts/Faces/RobotoRegular.uasset" 400
"../../../Engine/Content/EngineFonts/Faces/RobotoRegular.ufont" 401
"../../../Engine/Content/EngineFonts/Faces/DroidSansFallback.uexp" 402
"../../../Engine/Content/EngineFonts/Faces/DroidSansFallback.uasset" 403
"../../../Engine/Content/EngineFonts/Faces/DroidSansFallback.ufont" 404
"../../../Engine/Content/EngineFonts/Faces/RobotoItalic.uexp" 405
"../../../Engine/Content/EngineFonts/Faces/RobotoItalic.uasset" 406
"../../../Engine/Content/EngineFonts/Faces/RobotoItalic.ufont" 407
"../../../Engine/Content/EngineFonts/Faces/RobotoBoldItalic.uexp" 408
"../../../Engine/Content/EngineFonts/Faces/RobotoBoldItalic.uasset" 409
"../../../Engine/Content/EngineFonts/Faces/RobotoBoldItalic.ufont" 410
"../../../Engine/Content/EngineFonts/Roboto.uasset" 411
"../../../Engine/Content/EngineFonts/Roboto.uexp" 412
"../../../Engine/Content/EngineResources/WhiteSquareTexture.uasset" 413
"../../../Engine/Content/EngineResources/WhiteSquareTexture.uexp" 414
"../../../Engine/Content/EngineMaterials/Widget3DPassThrough.uasset" 415
"../../../Engine/Content/EngineMaterials/Widget3DPassThrough.uexp" 416
"../../../Engine/Content/EngineMaterials/Widget3DPassThrough_Translucent.uasset" 417
"../../../Engine/Content/EngineMaterials/Widget3DPassThrough_Translucent.uexp" 418
"../../../Engine/Content/EngineMaterials/Widget3DPassThrough_Translucent_OneSided.uasset" 419
"../../../Engine/Content/EngineMaterials/Widget3DPassThrough_Translucent_OneSided.uexp" 420
"../../../Engine/Content/EngineMaterials/Widget3DPassThrough_Opaque.uasset" 421
"../../../Engine/Content/EngineMaterials/Widget3DPassThrough_Opaque.uexp" 422
"../../../Engine/Content/EngineMaterials/Widget3DPassThrough_Opaque_OneSided.uasset" 423
"../../../Engine/Content/EngineMaterials/Widget3DPassThrough_Opaque_OneSided.uexp" 424
"../../../Engine/Content/EngineMaterials/Widget3DPassThrough_Masked_OneSided.uasset" 425
"../../../Engine/Content/EngineMaterials/Widget3DPassThrough_Masked_OneSided.uexp" 426
"../../../Engine/Content/EngineMaterials/Widget3DPassThrough_Masked.uasset" 427
"../../../Engine/Content/EngineMaterials/Widget3DPassThrough_Masked.uexp" 428
"../../../Engine/Content/EngineMaterials/WeightMapPlaceholderTexture.uasset" 429
"../../../Engine/Content/EngineMaterials/WeightMapPlaceholderTexture.uexp" 430
"../../../Engine/Content/EngineMaterials/RemoveSurfaceMaterial.uasset" 431
"../../../Engine/Content/EngineMaterials/RemoveSurfaceMaterial.uexp" 432
"../../../Engine/Content/EngineMaterials/PreintegratedSkinBRDF.uasset" 433
"../../../Engine/Content/EngineMaterials/PreintegratedSkinBRDF.uexp" 434
"../../../Engine/Content/EngineMaterials/DefaultCalibrationGrayscale.uasset" 435
"../../../Engine/Content/EngineMaterials/DefaultCalibrationGrayscale.uexp" 436
"../../../Engine/Content/EngineMaterials/PPM_DefaultCalibrationGrayscale.uasset" 437
"../../../Engine/Content/EngineMaterials/PPM_DefaultCalibrationGrayscale.uexp" 438
"../../../Engine/Content/EngineMaterials/DefaultCalibrationColor.uasset" 439
"../../../Engine/Content/EngineMaterials/DefaultCalibrationColor.uexp" 440
"../../../Engine/Content/EngineMaterials/PPM_DefaultCalibrationColor.uasset" 441
"../../../Engine/Content/EngineMaterials/PPM_DefaultCalibrationColor.uexp" 442
"../../../Engine/Content/Functions/Engine_MaterialFunctions02/WorldPositionOffset/CameraOffset.uasset" 443
"../../../Engine/Content/Functions/Engine_MaterialFunctions02/WorldPositionOffset/CameraOffset.uexp" 444
"../../../Engine/Content/EngineMaterials/PhAT_JointLimitMaterial.uasset" 445
"../../../Engine/Content/EngineMaterials/PhAT_JointLimitMaterial.uexp" 446
"../../../Engine/Content/EngineMaterials/InvalidLightmapSettings.ubulk" 447
"../../../Engine/Content/EngineMaterials/InvalidLightmapSettings.uasset" 448
"../../../Engine/Content/EngineMaterials/InvalidLightmapSettings.uexp" 449
"../../../Engine/Content/EngineMaterials/M_InvalidLightmapSettings.uasset" 450
"../../../Engine/Content/EngineMaterials/M_InvalidLightmapSettings.uexp" 451
"../../../Engine/Content/EngineMaterials/MiniFont.uasset" 452
"../../../Engine/Content/EngineMaterials/MiniFont.uexp" 453
"../../../Engine/Content/EngineMaterials/Good64x64TilingNoiseHighFreq.uasset" 454
"../../../Engine/Content/EngineMaterials/Good64x64TilingNoiseHighFreq.uexp" 455
"../../../Engine/Content/EngineMaterials/GizmoMaterial.uasset" 456
"../../../Engine/Content/EngineMaterials/GizmoMaterial.uexp" 457
"../../../Engine/Content/EngineMaterials/BaseFlattenEmissiveMap_VT.uasset" 458
"../../../Engine/Content/EngineMaterials/BaseFlattenEmissiveMap_VT.uexp" 459
"../../../Engine/Content/EngineMaterials/BaseFlattenGrayscaleMap_VT.uasset" 460
"../../../Engine/Content/EngineMaterials/BaseFlattenGrayscaleMap_VT.uexp" 461
"../../../Engine/Content/EngineMaterials/BaseFlattenLinearColor_VT.uasset" 462
"../../../Engine/Content/EngineMaterials/BaseFlattenLinearColor_VT.uexp" 463
"../../../Engine/Content/EngineMaterials/Black_1x1_EXR_Texture_VT.uasset" 464
"../../../Engine/Content/EngineMaterials/Black_1x1_EXR_Texture_VT.uexp" 465
"../../../Engine/Content/EngineMaterials/BaseFlattenDiffuseMap_VT.uasset" 466
"../../../Engine/Content/EngineMaterials/BaseFlattenDiffuseMap_VT.uexp" 467
"../../../Engine/Content/EngineMaterials/BaseFlattenNormalMap_VT.uasset" 468
"../../../Engine/Content/EngineMaterials/BaseFlattenNormalMap_VT.uexp" 469
"../../../Engine/Content/EngineMaterials/FlattenMaterial_WS_Normal_VT.uasset" 470
"../../../Engine/Content/EngineMaterials/FlattenMaterial_WS_Normal_VT.uexp" 471
"../../../Engine/Content/EngineMaterials/FlattenMaterial_VT.uasset" 472
"../../../Engine/Content/EngineMaterials/FlattenMaterial_VT.uexp" 473
"../../../Engine/Content/EngineMaterials/BaseFlattenNormalMap.uasset" 474
"../../../Engine/Content/EngineMaterials/BaseFlattenNormalMap.uexp" 475
"../../../Engine/Content/EngineMaterials/BaseFlattenGrayscaleMap.uasset" 476
"../../../Engine/Content/EngineMaterials/BaseFlattenGrayscaleMap.uexp" 477
"../../../Engine/Content/EngineMaterials/BaseFlattenDiffuseMap.uasset" 478
"../../../Engine/Content/EngineMaterials/BaseFlattenDiffuseMap.uexp" 479
"../../../Engine/Content/Functions/Engine_MaterialFunctions02/PivotPainter2/Black_1x1_EXR_Texture.uasset" 480
"../../../Engine/Content/Functions/Engine_MaterialFunctions02/PivotPainter2/Black_1x1_EXR_Texture.uexp" 481
"../../../Engine/Content/EngineMaterials/BaseFlattenEmissiveMap.uasset" 482
"../../../Engine/Content/EngineMaterials/BaseFlattenEmissiveMap.uexp" 483
"../../../Engine/Content/EngineMaterials/BaseFlattenLinearColor.uasset" 484
"../../../Engine/Content/EngineMaterials/BaseFlattenLinearColor.uexp" 485
"../../../Engine/Content/EngineMaterials/FlattenMaterial.uasset" 486
"../../../Engine/Content/EngineMaterials/FlattenMaterial.uexp" 487
"../../../Engine/Content/EngineMaterials/DefaultWhiteGrid_Low.uasset" 488
"../../../Engine/Content/EngineMaterials/DefaultWhiteGrid_Low.uexp" 489
"../../../Engine/Content/EngineMaterials/EmissiveMeshMaterial.uasset" 490
"../../../Engine/Content/EngineMaterials/EmissiveMeshMaterial.uexp" 491
"../../../Engine/Content/EngineMaterials/DefaultWhiteGrid.ubulk" 492
"../../../Engine/Content/EngineMaterials/DefaultWhiteGrid.uasset" 493
"../../../Engine/Content/EngineMaterials/DefaultWhiteGrid.uexp" 494
"../../../Engine/Content/EngineFonts/RobotoDistanceField.uasset" 495
"../../../Engine/Content/EngineFonts/RobotoDistanceField.uexp" 496
"../../../Engine/Content/EngineMaterials/DefaultTextMaterialOpaque.uasset" 497
"../../../Engine/Content/EngineMaterials/DefaultTextMaterialOpaque.uexp" 498
"../../../Engine/Content/EngineMaterials/DefaultDiffuse.ubulk" 499
"../../../Engine/Content/EngineMaterials/DefaultDiffuse.uasset" 500
"../../../Engine/Content/EngineMaterials/DefaultDiffuse.uexp" 501
"../../../Engine/Content/EngineMaterials/DefaultPostProcessMaterial.uasset" 502
"../../../Engine/Content/EngineMaterials/DefaultPostProcessMaterial.uexp" 503
"../../../Engine/Content/EngineMaterials/DefaultPhysicalMaterial.uasset" 504
"../../../Engine/Content/EngineMaterials/DefaultPhysicalMaterial.uexp" 505
"../../../Engine/Content/EngineMaterials/DefaultLightFunctionMaterial.uasset" 506
"../../../Engine/Content/EngineMaterials/DefaultLightFunctionMaterial.uexp" 507
"../../../Engine/Content/EngineMaterials/DefaultDestructiblePhysicalMaterial.uasset" 508
"../../../Engine/Content/EngineMaterials/DefaultDestructiblePhysicalMaterial.uexp" 509
"../../../Engine/Content/EngineMeshes/Sphere.ubulk" 510
"../../../Engine/Content/EngineMeshes/Sphere.uasset" 511
"../../../Engine/Content/EngineMeshes/Sphere.uexp" 512
"../../../Engine/Content/EngineMaterials/DefaultDeferredDecalMaterial.uasset" 513
"../../../Engine/Content/EngineMaterials/DefaultDeferredDecalMaterial.uexp" 514
"../../../Engine/Content/EngineMaterials/DefaultBokeh.uasset" 515
"../../../Engine/Content/EngineMaterials/DefaultBokeh.uexp" 516
"../../../Engine/Content/EngineMaterials/DefaultBloomKernel.uasset" 517
"../../../Engine/Content/EngineMaterials/DefaultBloomKernel.uexp" 518
"../../../Engine/Content/EngineMaterials/BlueNoise.uasset" 519
"../../../Engine/Content/EngineMaterials/BlueNoise.uexp" 520
"../../../Engine/Content/EngineResources/GradientTexture0.uasset" 521
"../../../Engine/Content/EngineResources/GradientTexture0.uexp" 522
"../../../Engine/Content/EngineResources/DefaultVolumeTexture2D.uasset" 523
"../../../Engine/Content/EngineResources/DefaultVolumeTexture2D.uexp" 524
"../../../Engine/Content/EngineResources/DefaultVolumeTexture.uasset" 525
"../../../Engine/Content/EngineResources/DefaultVolumeTexture.uexp" 526
"../../../Engine/Content/EngineResources/DefaultTextureCube.uasset" 527
"../../../Engine/Content/EngineResources/DefaultTextureCube.uexp" 528
"../../../Engine/Content/EngineResources/DefaultTexture.ubulk" 529
"../../../Engine/Content/EngineResources/DefaultTexture.uasset" 530
"../../../Engine/Content/EngineResources/DefaultTexture.uexp" 531
"../../../Engine/Content/EngineResources/Black.uasset" 532
"../../../Engine/Content/EngineResources/Black.uexp" 533
"../../../Engine/Content/EngineResources/FilmGrains/Marcie_Grain_v3_128_M2_000.uasset" 534
"../../../Engine/Content/EngineResources/FilmGrains/Marcie_Grain_v3_128_M2_000.uexp" 535
"../../../Engine/Content/EngineSky/VolumetricClouds/CloudWeatherTexture.uasset" 536
"../../../Engine/Content/EngineSky/VolumetricClouds/CloudWeatherTexture.uexp" 537
"../../../Engine/Content/Functions/Engine_MaterialFunctions02/Utility/MakeFloat2.uasset" 538
"../../../Engine/Content/Functions/Engine_MaterialFunctions02/Utility/MakeFloat2.uexp" 539
"../../../Engine/Content/EngineSky/VolumetricClouds/CloudGradientTexture.uasset" 540
"../../../Engine/Content/EngineSky/VolumetricClouds/CloudGradientTexture.uexp" 541
"../../../Engine/Content/EngineSky/VolumetricClouds/T_NoiseShape64.ubulk" 542
"../../../Engine/Content/EngineSky/VolumetricClouds/T_NoiseShape64.uasset" 543
"../../../Engine/Content/EngineSky/VolumetricClouds/T_NoiseShape64.uexp" 544
"../../../Engine/Content/EngineSky/VolumetricClouds/T_VolumeNoiseShape64.uasset" 545
"../../../Engine/Content/EngineSky/VolumetricClouds/T_VolumeNoiseShape64.uexp" 546
"../../../Engine/Content/EngineSky/VolumetricClouds/T_NoiseErosion.ubulk" 547
"../../../Engine/Content/EngineSky/VolumetricClouds/T_NoiseErosion.uasset" 548
"../../../Engine/Content/EngineSky/VolumetricClouds/T_NoiseErosion.uexp" 549
"../../../Engine/Content/EngineSky/VolumetricClouds/T_VolumeNoiseErosion32.uasset" 550
"../../../Engine/Content/EngineSky/VolumetricClouds/T_VolumeNoiseErosion32.uexp" 551
"../../../Engine/Content/EngineSky/VolumetricClouds/m_SimpleVolumetricCloud.uasset" 552
"../../../Engine/Content/EngineSky/VolumetricClouds/m_SimpleVolumetricCloud.uexp" 553
"../../../Engine/Content/EngineSky/VolumetricClouds/m_SimpleVolumetricCloud_Inst.uasset" 554
"../../../Engine/Content/EngineSky/VolumetricClouds/m_SimpleVolumetricCloud_Inst.uexp" 555
"../../../Engine/Content/EngineSounds/Master.uasset" 556
"../../../Engine/Content/EngineSounds/Master.uexp" 557
"../../../Engine/Content/Functions/Engine_MaterialFunctions01/Shading/PowerToRoughness.uasset" 558
"../../../Engine/Content/Functions/Engine_MaterialFunctions01/Shading/PowerToRoughness.uexp" 559
"../../../Engine/Content/Functions/Engine_MaterialFunctions01/Shading/ConvertFromDiffSpec.uasset" 560
"../../../Engine/Content/Functions/Engine_MaterialFunctions01/Shading/ConvertFromDiffSpec.uexp" 561
"../../../Engine/Content/MobileResources/HUD/VirtualJoystick_Background.uasset" 562
"../../../Engine/Content/MobileResources/HUD/VirtualJoystick_Background.uexp" 563
"../../../Engine/Content/MobileResources/HUD/VirtualJoystick_Thumb.uasset" 564
"../../../Engine/Content/MobileResources/HUD/VirtualJoystick_Thumb.uexp" 565
"../../../Engine/Content/MobileResources/HUD/DefaultVirtualJoysticks.uasset" 566
"../../../Engine/Content/MobileResources/HUD/DefaultVirtualJoysticks.uexp" 567
"../../../Engine/Content/Tutorial/ContentIntroCurve.uasset" 568
"../../../Engine/Content/Tutorial/ContentIntroCurve.uexp" 569
"../../../Engine/Content/VREditor/TransformGizmo/Main.uasset" 570
"../../../Engine/Content/VREditor/TransformGizmo/Main.uexp" 571
"../../../Engine/Content/VREditor/TransformGizmo/Xray.uasset" 572
"../../../Engine/Content/VREditor/TransformGizmo/Xray.uexp" 573
"../../../Engine/Content/VREditor/TransformGizmo/SM_Sequencer_Node.ubulk" 574
"../../../Engine/Content/VREditor/TransformGizmo/SM_Sequencer_Node.uasset" 575
"../../../Engine/Content/VREditor/TransformGizmo/SM_Sequencer_Node.uexp" 576
"../../../Engine/Content/VREditor/LaserPointer/VR_LaserPower_01.ubulk" 577
"../../../Engine/Content/VREditor/LaserPointer/VR_LaserPower_01.uasset" 578
"../../../Engine/Content/VREditor/LaserPointer/VR_LaserPower_01.uexp" 579
"../../../Engine/Content/VREditor/TransformGizmo/TransformGizmoMaterial.uasset" 580
"../../../Engine/Content/VREditor/TransformGizmo/TransformGizmoMaterial.uexp" 581
"../../../Engine/Content/VREditor/TransformGizmo/TranslucentTransformGizmoMaterial.uasset" 582
"../../../Engine/Content/VREditor/TransformGizmo/TranslucentTransformGizmoMaterial.uexp" 583
"../../../Engine/Content/VREditor/TransformGizmo/PlaneTranslationHandle.ubulk" 584
"../../../Engine/Content/VREditor/TransformGizmo/PlaneTranslationHandle.uasset" 585
"../../../Engine/Content/VREditor/TransformGizmo/PlaneTranslationHandle.uexp" 586
"../../../Engine/Content/VREditor/TransformGizmo/BoundingBoxEdge.ubulk" 587
"../../../Engine/Content/VREditor/TransformGizmo/BoundingBoxEdge.uasset" 588
"../../../Engine/Content/VREditor/TransformGizmo/BoundingBoxEdge.uexp" 589
"../../../Engine/Content/VREditor/TransformGizmo/BoundingBoxCorner.ubulk" 590
"../../../Engine/Content/VREditor/TransformGizmo/BoundingBoxCorner.uasset" 591
"../../../Engine/Content/VREditor/TransformGizmo/BoundingBoxCorner.uexp" 592
"../../../Engine/Plugins/2D/Paper2D/Content/OpaqueUnlitSpriteMaterial.uasset" 593
"../../../Engine/Plugins/2D/Paper2D/Content/OpaqueUnlitSpriteMaterial.uexp" 594
"../../../Engine/Plugins/2D/Paper2D/Content/DummySprite.uasset" 595
"../../../Engine/Plugins/2D/Paper2D/Content/DummySprite.uexp" 596
"../../../Engine/Plugins/2D/Paper2D/Content/DefaultPaperTerrainMaterial.uasset" 597
"../../../Engine/Plugins/2D/Paper2D/Content/DefaultPaperTerrainMaterial.uexp" 598
"../../../Engine/Plugins/Animation/ControlRig/Content/M_Manip.uasset" 599
"../../../Engine/Plugins/Animation/ControlRig/Content/M_Manip.uexp" 600
"../../../Engine/Plugins/Animation/ControlRig/Content/Controls/ControlRig_Wedge_solid.ubulk" 601
"../../../Engine/Plugins/Animation/ControlRig/Content/Controls/ControlRig_Wedge_solid.uasset" 602
"../../../Engine/Plugins/Animation/ControlRig/Content/Controls/ControlRig_Wedge_solid.uexp" 603
"../../../Engine/Plugins/Animation/ControlRig/Content/Controls/ControlRig_Wedge_3mm.ubulk" 604
"../../../Engine/Plugins/Animation/ControlRig/Content/Controls/ControlRig_Wedge_3mm.uasset" 605
"../../../Engine/Plugins/Animation/ControlRig/Content/Controls/ControlRig_Wedge_3mm.uexp" 606
"../../../Engine/Plugins/Animation/ControlRig/Content/Controls/ControlRig_Wedge_1mm.ubulk" 607
"../../../Engine/Plugins/Animation/ControlRig/Content/Controls/ControlRig_Wedge_1mm.uasset" 608
"../../../Engine/Plugins/Animation/ControlRig/Content/Controls/ControlRig_Wedge_1mm.uexp" 609
"../../../Engine/Plugins/Animation/ControlRig/Content/Controls/ControlRig_Triangle_solid.ubulk" 610
"../../../Engine/Plugins/Animation/ControlRig/Content/Controls/ControlRig_Triangle_solid.uasset" 611
"../../../Engine/Plugins/Animation/ControlRig/Content/Controls/ControlRig_Triangle_solid.uexp" 612
"../../../Engine/Plugins/Animation/ControlRig/Content/Controls/ControlRig_Triangle_3mm.ubulk" 613
"../../../Engine/Plugins/Animation/ControlRig/Content/Controls/ControlRig_Triangle_3mm.uasset" 614
"../../../Engine/Plugins/Animation/ControlRig/Content/Controls/ControlRig_Triangle_3mm.uexp" 615
"../../../Engine/Plugins/Animation/ControlRig/Content/Controls/ControlRig_Triangle_1mm.ubulk" 616
"../../../Engine/Plugins/Animation/ControlRig/Content/Controls/ControlRig_Triangle_1mm.uasset" 617
"../../../Engine/Plugins/Animation/ControlRig/Content/Controls/ControlRig_Triangle_1mm.uexp" 618
"../../../Engine/Plugins/Animation/ControlRig/Content/Controls/ControlRig_Star4_solid.ubulk" 619
"../../../Engine/Plugins/Animation/ControlRig/Content/Controls/ControlRig_Star4_solid.uasset" 620
"../../../Engine/Plugins/Animation/ControlRig/Content/Controls/ControlRig_Star4_solid.uexp" 621
"../../../Engine/Plugins/Animation/ControlRig/Content/Controls/ControlRig_Star4_3mm.ubulk" 622
"../../../Engine/Plugins/Animation/ControlRig/Content/Controls/ControlRig_Star4_3mm.uasset" 623
"../../../Engine/Plugins/Animation/ControlRig/Content/Controls/ControlRig_Star4_3mm.uexp" 624
"../../../Engine/Plugins/Animation/ControlRig/Content/Controls/ControlRig_Star4_1mm.ubulk" 625
"../../../Engine/Plugins/Animation/ControlRig/Content/Controls/ControlRig_Star4_1mm.uasset" 626
"../../../Engine/Plugins/Animation/ControlRig/Content/Controls/ControlRig_Star4_1mm.uexp" 627
"../../../Engine/Plugins/Animation/ControlRig/Content/Controls/ControlRig_Square_solid.ubulk" 628
"../../../Engine/Plugins/Animation/ControlRig/Content/Controls/ControlRig_Square_solid.uasset" 629
"../../../Engine/Plugins/Animation/ControlRig/Content/Controls/ControlRig_Square_solid.uexp" 630
"../../../Engine/Plugins/Animation/ControlRig/Content/Controls/ControlRig_Square_3mm.ubulk" 631
"../../../Engine/Plugins/Animation/ControlRig/Content/Controls/ControlRig_Square_3mm.uasset" 632
"../../../Engine/Plugins/Animation/ControlRig/Content/Controls/ControlRig_Square_3mm.uexp" 633
"../../../Engine/Plugins/Animation/ControlRig/Content/Controls/ControlRig_Square_1mm.ubulk" 634
"../../../Engine/Plugins/Animation/ControlRig/Content/Controls/ControlRig_Square_1mm.uasset" 635
"../../../Engine/Plugins/Animation/ControlRig/Content/Controls/ControlRig_Square_1mm.uexp" 636
"../../../Engine/Plugins/Animation/ControlRig/Content/Controls/ControlRig_Sphere_solid.ubulk" 637
"../../../Engine/Plugins/Animation/ControlRig/Content/Controls/ControlRig_Sphere_solid.uasset" 638
"../../../Engine/Plugins/Animation/ControlRig/Content/Controls/ControlRig_Sphere_solid.uexp" 639
"../../../Engine/Plugins/Animation/ControlRig/Content/Controls/ControlRig_Sphere_3mm.ubulk" 640
"../../../Engine/Plugins/Animation/ControlRig/Content/Controls/ControlRig_Sphere_3mm.uasset" 641
"../../../Engine/Plugins/Animation/ControlRig/Content/Controls/ControlRig_Sphere_3mm.uexp" 642
"../../../Engine/Plugins/Animation/ControlRig/Content/Controls/ControlRig_Sphere_1mm.ubulk" 643
"../../../Engine/Plugins/Animation/ControlRig/Content/Controls/ControlRig_Sphere_1mm.uasset" 644
"../../../Engine/Plugins/Animation/ControlRig/Content/Controls/ControlRig_Sphere_1mm.uexp" 645
"../../../Engine/Plugins/Animation/ControlRig/Content/Controls/ControlRig_RoundedTriangle_solid.ubulk" 646
"../../../Engine/Plugins/Animation/ControlRig/Content/Controls/ControlRig_RoundedTriangle_solid.uasset" 647
"../../../Engine/Plugins/Animation/ControlRig/Content/Controls/ControlRig_RoundedTriangle_solid.uexp" 648
"../../../Engine/Plugins/Animation/ControlRig/Content/Controls/ControlRig_RoundedTriangle_3mm.ubulk" 649
"../../../Engine/Plugins/Animation/ControlRig/Content/Controls/ControlRig_RoundedTriangle_3mm.uasset" 650
"../../../Engine/Plugins/Animation/ControlRig/Content/Controls/ControlRig_RoundedTriangle_3mm.uexp" 651
"../../../Engine/Plugins/Animation/ControlRig/Content/Controls/ControlRig_RoundedTriangle_1mm.ubulk" 652
"../../../Engine/Plugins/Animation/ControlRig/Content/Controls/ControlRig_RoundedTriangle_1mm.uasset" 653
"../../../Engine/Plugins/Animation/ControlRig/Content/Controls/ControlRig_RoundedTriangle_1mm.uexp" 654
"../../../Engine/Plugins/Animation/ControlRig/Content/Controls/ControlRig_RoundedSquare_solid.ubulk" 655
"../../../Engine/Plugins/Animation/ControlRig/Content/Controls/ControlRig_RoundedSquare_solid.uasset" 656
"../../../Engine/Plugins/Animation/ControlRig/Content/Controls/ControlRig_RoundedSquare_solid.uexp" 657
"../../../Engine/Plugins/Animation/ControlRig/Content/Controls/ControlRig_RoundedSquare_3mm.ubulk" 658
"../../../Engine/Plugins/Animation/ControlRig/Content/Controls/ControlRig_RoundedSquare_3mm.uasset" 659
"../../../Engine/Plugins/Animation/ControlRig/Content/Controls/ControlRig_RoundedSquare_3mm.uexp" 660
"../../../Engine/Plugins/Animation/ControlRig/Content/Controls/ControlRig_RoundedSquare_1mm.ubulk" 661
"../../../Engine/Plugins/Animation/ControlRig/Content/Controls/ControlRig_RoundedSquare_1mm.uasset" 662
"../../../Engine/Plugins/Animation/ControlRig/Content/Controls/ControlRig_RoundedSquare_1mm.uexp" 663
"../../../Engine/Plugins/Animation/ControlRig/Content/Controls/ControlRig_QuarterCircle_solid.ubulk" 664
"../../../Engine/Plugins/Animation/ControlRig/Content/Controls/ControlRig_QuarterCircle_solid.uasset" 665
"../../../Engine/Plugins/Animation/ControlRig/Content/Controls/ControlRig_QuarterCircle_solid.uexp" 666
"../../../Engine/Plugins/Animation/ControlRig/Content/Controls/ControlRig_QuarterCircle_3mm.ubulk" 667
"../../../Engine/Plugins/Animation/ControlRig/Content/Controls/ControlRig_QuarterCircle_3mm.uasset" 668
"../../../Engine/Plugins/Animation/ControlRig/Content/Controls/ControlRig_QuarterCircle_3mm.uexp" 669
"../../../Engine/Plugins/Animation/ControlRig/Content/Controls/ControlRig_QuarterCircle_1mm.ubulk" 670
"../../../Engine/Plugins/Animation/ControlRig/Content/Controls/ControlRig_QuarterCircle_1mm.uasset" 671
"../../../Engine/Plugins/Animation/ControlRig/Content/Controls/ControlRig_QuarterCircle_1mm.uexp" 672
"../../../Engine/Plugins/Animation/ControlRig/Content/Controls/ControlRig_Pyramid_solid.ubulk" 673
"../../../Engine/Plugins/Animation/ControlRig/Content/Controls/ControlRig_Pyramid_solid.uasset" 674
"../../../Engine/Plugins/Animation/ControlRig/Content/Controls/ControlRig_Pyramid_solid.uexp" 675
"../../../Engine/Plugins/Animation/ControlRig/Content/Controls/ControlRig_Pyramid_3mm.ubulk" 676
"../../../Engine/Plugins/Animation/ControlRig/Content/Controls/ControlRig_Pyramid_3mm.uasset" 677
"../../../Engine/Plugins/Animation/ControlRig/Content/Controls/ControlRig_Pyramid_3mm.uexp" 678
"../../../Engine/Plugins/Animation/ControlRig/Content/Controls/ControlRig_Pyramid_1mm.ubulk" 679
"../../../Engine/Plugins/Animation/ControlRig/Content/Controls/ControlRig_Pyramid_1mm.uasset" 680
"../../../Engine/Plugins/Animation/ControlRig/Content/Controls/ControlRig_Pyramid_1mm.uexp" 681
"../../../Engine/Plugins/Animation/ControlRig/Content/Controls/ControlRig_Octagon_solid.ubulk" 682
"../../../Engine/Plugins/Animation/ControlRig/Content/Controls/ControlRig_Octagon_solid.uasset" 683
"../../../Engine/Plugins/Animation/ControlRig/Content/Controls/ControlRig_Octagon_solid.uexp" 684
"../../../Engine/Plugins/Animation/ControlRig/Content/Controls/ControlRig_Octagon_3mm.ubulk" 685
"../../../Engine/Plugins/Animation/ControlRig/Content/Controls/ControlRig_Octagon_3mm.uasset" 686
"../../../Engine/Plugins/Animation/ControlRig/Content/Controls/ControlRig_Octagon_3mm.uexp" 687
"../../../Engine/Plugins/Animation/ControlRig/Content/Controls/ControlRig_Octagon_1mm.ubulk" 688
"../../../Engine/Plugins/Animation/ControlRig/Content/Controls/ControlRig_Octagon_1mm.uasset" 689
"../../../Engine/Plugins/Animation/ControlRig/Content/Controls/ControlRig_Octagon_1mm.uexp" 690
"../../../Engine/Plugins/Animation/ControlRig/Content/Controls/ControlRig_Hexagon_solid.ubulk" 691
"../../../Engine/Plugins/Animation/ControlRig/Content/Controls/ControlRig_Hexagon_solid.uasset" 692
"../../../Engine/Plugins/Animation/ControlRig/Content/Controls/ControlRig_Hexagon_solid.uexp" 693
"../../../Engine/Plugins/Animation/ControlRig/Content/Controls/ControlRig_Hexagon_3mm.ubulk" 694
"../../../Engine/Plugins/Animation/ControlRig/Content/Controls/ControlRig_Hexagon_3mm.uasset" 695
"../../../Engine/Plugins/Animation/ControlRig/Content/Controls/ControlRig_Hexagon_3mm.uexp" 696
"../../../Engine/Plugins/Animation/ControlRig/Content/Controls/ControlRig_Hexagon_1mm.ubulk" 697
"../../../Engine/Plugins/Animation/ControlRig/Content/Controls/ControlRig_Hexagon_1mm.uasset" 698
"../../../Engine/Plugins/Animation/ControlRig/Content/Controls/ControlRig_Hexagon_1mm.uexp" 699
"../../../Engine/Plugins/Animation/ControlRig/Content/Controls/ControlRig_HalfCircle_solid.ubulk" 700
"../../../Engine/Plugins/Animation/ControlRig/Content/Controls/ControlRig_HalfCircle_solid.uasset" 701
"../../../Engine/Plugins/Animation/ControlRig/Content/Controls/ControlRig_HalfCircle_solid.uexp" 702
"../../../Engine/Plugins/Animation/ControlRig/Content/Controls/ControlRig_HalfCircle_3mm.ubulk" 703
"../../../Engine/Plugins/Animation/ControlRig/Content/Controls/ControlRig_HalfCircle_3mm.uasset" 704
"../../../Engine/Plugins/Animation/ControlRig/Content/Controls/ControlRig_HalfCircle_3mm.uexp" 705
"../../../Engine/Plugins/Animation/ControlRig/Content/Controls/ControlRig_HalfCircle_1mm.ubulk" 706
"../../../Engine/Plugins/Animation/ControlRig/Content/Controls/ControlRig_HalfCircle_1mm.uasset" 707
"../../../Engine/Plugins/Animation/ControlRig/Content/Controls/ControlRig_HalfCircle_1mm.uexp" 708
"../../../Engine/Plugins/Animation/ControlRig/Content/Controls/ControlRig_Diamond_solid.ubulk" 709
"../../../Engine/Plugins/Animation/ControlRig/Content/Controls/ControlRig_Diamond_solid.uasset" 710
"../../../Engine/Plugins/Animation/ControlRig/Content/Controls/ControlRig_Diamond_solid.uexp" 711
"../../../Engine/Plugins/Animation/ControlRig/Content/Controls/ControlRig_Diamond_3mm.ubulk" 712
"../../../Engine/Plugins/Animation/ControlRig/Content/Controls/ControlRig_Diamond_3mm.uasset" 713
"../../../Engine/Plugins/Animation/ControlRig/Content/Controls/ControlRig_Diamond_3mm.uexp" 714
"../../../Engine/Plugins/Animation/ControlRig/Content/Controls/ControlRig_Diamond_1mm.ubulk" 715
"../../../Engine/Plugins/Animation/ControlRig/Content/Controls/ControlRig_Diamond_1mm.uasset" 716
"../../../Engine/Plugins/Animation/ControlRig/Content/Controls/ControlRig_Diamond_1mm.uexp" 717
"../../../Engine/Plugins/Animation/ControlRig/Content/Controls/ControlRig_Circle_solid.ubulk" 718
"../../../Engine/Plugins/Animation/ControlRig/Content/Controls/ControlRig_Circle_solid.uasset" 719
"../../../Engine/Plugins/Animation/ControlRig/Content/Controls/ControlRig_Circle_solid.uexp" 720
"../../../Engine/Plugins/Animation/ControlRig/Content/Controls/ControlRig_Circle_3mm.ubulk" 721
"../../../Engine/Plugins/Animation/ControlRig/Content/Controls/ControlRig_Circle_3mm.uasset" 722
"../../../Engine/Plugins/Animation/ControlRig/Content/Controls/ControlRig_Circle_3mm.uexp" 723
"../../../Engine/Plugins/Animation/ControlRig/Content/Controls/ControlRig_Circle_1mm.ubulk" 724
"../../../Engine/Plugins/Animation/ControlRig/Content/Controls/ControlRig_Circle_1mm.uasset" 725
"../../../Engine/Plugins/Animation/ControlRig/Content/Controls/ControlRig_Circle_1mm.uexp" 726
"../../../Engine/Plugins/Animation/ControlRig/Content/Controls/ControlRig_Box_solid.ubulk" 727
"../../../Engine/Plugins/Animation/ControlRig/Content/Controls/ControlRig_Box_solid.uasset" 728
"../../../Engine/Plugins/Animation/ControlRig/Content/Controls/ControlRig_Box_solid.uexp" 729
"../../../Engine/Plugins/Animation/ControlRig/Content/Controls/ControlRig_Box_3mm.ubulk" 730
"../../../Engine/Plugins/Animation/ControlRig/Content/Controls/ControlRig_Box_3mm.uasset" 731
"../../../Engine/Plugins/Animation/ControlRig/Content/Controls/ControlRig_Box_3mm.uexp" 732
"../../../Engine/Plugins/Animation/ControlRig/Content/Controls/ControlRig_Box_1mm.ubulk" 733
"../../../Engine/Plugins/Animation/ControlRig/Content/Controls/ControlRig_Box_1mm.uasset" 734
"../../../Engine/Plugins/Animation/ControlRig/Content/Controls/ControlRig_Box_1mm.uexp" 735
"../../../Engine/Plugins/Animation/ControlRig/Content/Controls/ControlRig_Arrow_solid.ubulk" 736
"../../../Engine/Plugins/Animation/ControlRig/Content/Controls/ControlRig_Arrow_solid.uasset" 737
"../../../Engine/Plugins/Animation/ControlRig/Content/Controls/ControlRig_Arrow_solid.uexp" 738
"../../../Engine/Plugins/Animation/ControlRig/Content/Controls/ControlRig_Arrow_3mm.ubulk" 739
"../../../Engine/Plugins/Animation/ControlRig/Content/Controls/ControlRig_Arrow_3mm.uasset" 740
"../../../Engine/Plugins/Animation/ControlRig/Content/Controls/ControlRig_Arrow_3mm.uexp" 741
"../../../Engine/Plugins/Animation/ControlRig/Content/Controls/ControlRig_Arrow_1mm.ubulk" 742
"../../../Engine/Plugins/Animation/ControlRig/Content/Controls/ControlRig_Arrow_1mm.uasset" 743
"../../../Engine/Plugins/Animation/ControlRig/Content/Controls/ControlRig_Arrow_1mm.uexp" 744
"../../../Engine/Plugins/Animation/ControlRig/Content/Controls/ControlRig_Arrow4_solid.ubulk" 745
"../../../Engine/Plugins/Animation/ControlRig/Content/Controls/ControlRig_Arrow4_solid.uasset" 746
"../../../Engine/Plugins/Animation/ControlRig/Content/Controls/ControlRig_Arrow4_solid.uexp" 747
"../../../Engine/Plugins/Animation/ControlRig/Content/Controls/ControlRig_Arrow4_3mm.ubulk" 748
"../../../Engine/Plugins/Animation/ControlRig/Content/Controls/ControlRig_Arrow4_3mm.uasset" 749
"../../../Engine/Plugins/Animation/ControlRig/Content/Controls/ControlRig_Arrow4_3mm.uexp" 750
"../../../Engine/Plugins/Animation/ControlRig/Content/Controls/ControlRig_Arrow4_1mm.ubulk" 751
"../../../Engine/Plugins/Animation/ControlRig/Content/Controls/ControlRig_Arrow4_1mm.uasset" 752
"../../../Engine/Plugins/Animation/ControlRig/Content/Controls/ControlRig_Arrow4_1mm.uexp" 753
"../../../Engine/Plugins/Animation/ControlRig/Content/Controls/ControlRig_Arrow2_solid.ubulk" 754
"../../../Engine/Plugins/Animation/ControlRig/Content/Controls/ControlRig_Arrow2_solid.uasset" 755
"../../../Engine/Plugins/Animation/ControlRig/Content/Controls/ControlRig_Arrow2_solid.uexp" 756
"../../../Engine/Plugins/Animation/ControlRig/Content/Controls/ControlRig_Arrow2_3mm.ubulk" 757
"../../../Engine/Plugins/Animation/ControlRig/Content/Controls/ControlRig_Arrow2_3mm.uasset" 758
"../../../Engine/Plugins/Animation/ControlRig/Content/Controls/ControlRig_Arrow2_3mm.uexp" 759
"../../../Engine/Plugins/Animation/ControlRig/Content/Controls/ControlRig_Arrow2_1mm.ubulk" 760
"../../../Engine/Plugins/Animation/ControlRig/Content/Controls/ControlRig_Arrow2_1mm.uasset" 761
"../../../Engine/Plugins/Animation/ControlRig/Content/Controls/ControlRig_Arrow2_1mm.uexp" 762
"../../../Engine/Plugins/Animation/ControlRig/Content/Controls/ControlRigGizmoMaterial.uasset" 763
"../../../Engine/Plugins/Animation/ControlRig/Content/Controls/ControlRigGizmoMaterial.uexp" 764
"../../../Engine/Plugins/Editor/SpeedTreeImporter/Content/SpeedTree9/game_wind_noise.ubulk" 765
"../../../Engine/Plugins/Editor/SpeedTreeImporter/Content/SpeedTree9/game_wind_noise.uasset" 766
"../../../Engine/Plugins/Editor/SpeedTreeImporter/Content/SpeedTree9/game_wind_noise.uexp" 767
"../../../Engine/Plugins/Editor/SpeedTreeImporter/Content/SpeedTree9/UnpackDirection.uasset" 768
"../../../Engine/Plugins/Editor/SpeedTreeImporter/Content/SpeedTree9/UnpackDirection.uexp" 769
"../../../Engine/Content/Functions/Engine_MaterialFunctions02/ObjectLocalBounds.uasset" 770
"../../../Engine/Content/Functions/Engine_MaterialFunctions02/ObjectLocalBounds.uexp" 771
"../../../Engine/Content/Functions/Engine_MaterialFunctions02/UVs/BoundingBoxBased_0-1_UVW.uasset" 772
"../../../Engine/Content/Functions/Engine_MaterialFunctions02/UVs/BoundingBoxBased_0-1_UVW.uexp" 773
"../../../Engine/Content/Functions/Engine_MaterialFunctions02/Utility/VectorLength.uasset" 774
"../../../Engine/Content/Functions/Engine_MaterialFunctions02/Utility/VectorLength.uexp" 775
"../../../Engine/Plugins/Editor/SpeedTreeImporter/Content/SpeedTree9/UnpackInteger3.uasset" 776
"../../../Engine/Plugins/Editor/SpeedTreeImporter/Content/SpeedTree9/UnpackInteger3.uexp" 777
"../../../Engine/Plugins/Editor/SpeedTreeImporter/Content/SpeedTree9/SpeedTreeCameraFacing.uasset" 778
"../../../Engine/Plugins/Editor/SpeedTreeImporter/Content/SpeedTree9/SpeedTreeCameraFacing.uexp" 779
"../../../Engine/Content/Functions/Engine_MaterialFunctions02/WorldPositionOffset/ObjectScale.uasset" 780
"../../../Engine/Content/Functions/Engine_MaterialFunctions02/WorldPositionOffset/ObjectScale.uexp" 781
"../../../Engine/Content/Functions/Engine_MaterialFunctions02/SafeNormalize.uasset" 782
"../../../Engine/Content/Functions/Engine_MaterialFunctions02/SafeNormalize.uexp" 783
"../../../Engine/Plugins/Editor/SpeedTreeImporter/Content/SpeedTree9/SpeedTreeWindMotion.uasset" 784
"../../../Engine/Plugins/Editor/SpeedTreeImporter/Content/SpeedTree9/SpeedTreeWindMotion.uexp" 785
"../../../Engine/Plugins/Editor/SpeedTreeImporter/Content/SpeedTree9/SpeedTreeBranchMotion.uasset" 786
"../../../Engine/Plugins/Editor/SpeedTreeImporter/Content/SpeedTree9/SpeedTreeBranchMotion.uexp" 787
"../../../Engine/Plugins/Editor/SpeedTreeImporter/Content/SpeedTree9/SpeedTreeWind.uasset" 788
"../../../Engine/Plugins/Editor/SpeedTreeImporter/Content/SpeedTree9/SpeedTreeWind.uexp" 789
"../../../Engine/Plugins/Editor/SpeedTreeImporter/Content/SpeedTree9/EmptyNormal.uasset" 790
"../../../Engine/Plugins/Editor/SpeedTreeImporter/Content/SpeedTree9/EmptyNormal.uexp" 791
"../../../Engine/Plugins/Editor/SpeedTreeImporter/Content/SpeedTree9/Empty.uasset" 792
"../../../Engine/Plugins/Editor/SpeedTreeImporter/Content/SpeedTree9/Empty.uexp" 793
"../../../Engine/Plugins/Editor/SpeedTreeImporter/Content/SpeedTree9/SpeedTreeMaster.uasset" 794
"../../../Engine/Plugins/Editor/SpeedTreeImporter/Content/SpeedTree9/SpeedTreeMaster.uexp" 795
"../../../Engine/Plugins/Editor/SpeedTreeImporter/Content/SpeedTree9/SpeedTreeBillboard.uasset" 796
"../../../Engine/Plugins/Editor/SpeedTreeImporter/Content/SpeedTree9/SpeedTreeBillboard.uexp" 797
"../../../Engine/Plugins/Editor/SpeedTreeImporter/Content/SpeedTree9/SpeedTreeBillboardMaster.uasset" 798
"../../../Engine/Plugins/Editor/SpeedTreeImporter/Content/SpeedTree9/SpeedTreeBillboardMaster.uexp" 799
"../../../Engine/Plugins/Runtime/HairStrands/Content/Materials/HairMeshesDefaultMaterial.uasset" 800
"../../../Engine/Plugins/Runtime/HairStrands/Content/Materials/HairMeshesDefaultMaterial.uexp" 801
"../../../Engine/Plugins/Runtime/HairStrands/Content/Materials/HairDefaultMaterial.uasset" 802
"../../../Engine/Plugins/Runtime/HairStrands/Content/Materials/HairDefaultMaterial.uexp" 803
"../../../Engine/Plugins/Runtime/HairStrands/Content/Materials/HairGroupColors.uasset" 804
"../../../Engine/Plugins/Runtime/HairStrands/Content/Materials/HairGroupColors.uexp" 805
"../../../Engine/Content/EngineMaterials/HairColorMap.uasset" 806
"../../../Engine/Content/EngineMaterials/HairColorMap.uexp" 807
"../../../Engine/Content/EngineMaterials/HairDebugColor.uasset" 808
"../../../Engine/Content/EngineMaterials/HairDebugColor.uexp" 809
"../../../Engine/Plugins/Runtime/HairStrands/Content/Materials/HairDebugMaterial.uasset" 810
"../../../Engine/Plugins/Runtime/HairStrands/Content/Materials/HairDebugMaterial.uexp" 811
"../../../Engine/Plugins/Runtime/HairStrands/Content/Materials/HairCardsDefaultMaterial.uasset" 812
"../../../Engine/Plugins/Runtime/HairStrands/Content/Materials/HairCardsDefaultMaterial.uexp" 813
"../../../Engine/Content/Functions/Engine_MaterialFunctions03/Procedurals/ComputeFilterWidth.uasset" 814
"../../../Engine/Content/Functions/Engine_MaterialFunctions03/Procedurals/ComputeFilterWidth.uexp" 815
"../../../Engine/Content/EngineMaterials/AntiAliasedTextMaterialTranslucent.uasset" 816
"../../../Engine/Content/EngineMaterials/AntiAliasedTextMaterialTranslucent.uexp" 817
"../../../Engine/Content/EngineSky/C_Sky_Horizon_Color.uasset" 818
"../../../Engine/Content/EngineSky/C_Sky_Horizon_Color.uexp" 819
"../../../Engine/Content/EngineSky/T_Sky_Stars.ubulk" 820
"../../../Engine/Content/EngineSky/T_Sky_Stars.uasset" 821
"../../../Engine/Content/EngineSky/T_Sky_Stars.uexp" 822
"../../../Engine/Content/EngineSky/T_Sky_Clouds_M.ubulk" 823
"../../../Engine/Content/EngineSky/T_Sky_Clouds_M.uasset" 824
"../../../Engine/Content/EngineSky/T_Sky_Clouds_M.uexp" 825
"../../../Engine/Content/EngineSky/T_Sky_Blue.ubulk" 826
"../../../Engine/Content/EngineSky/T_Sky_Blue.uasset" 827
"../../../Engine/Content/EngineSky/T_Sky_Blue.uexp" 828
"../../../Engine/Content/EngineSky/M_Sky_Panning_Clouds2.uasset" 829
"../../../Engine/Content/EngineSky/M_Sky_Panning_Clouds2.uexp" 830
"../../../Engine/Content/EngineSky/SM_SkySphere.ubulk" 831
"../../../Engine/Content/EngineSky/SM_SkySphere.uasset" 832
"../../../Engine/Content/EngineSky/SM_SkySphere.uexp" 833
"../../../Engine/Content/EngineSky/C_Sky_Cloud_Color.uasset" 834
"../../../Engine/Content/EngineSky/C_Sky_Cloud_Color.uexp" 835
"../../../Engine/Content/EngineSky/C_Sky_Zenith_Color.uasset" 836
"../../../Engine/Content/EngineSky/C_Sky_Zenith_Color.uexp" 837
"../../../Engine/Content/EngineSky/BP_Sky_Sphere.uasset" 838
"../../../Engine/Content/EngineSky/BP_Sky_Sphere.uexp" 839
"../../../Engine/Content/Functions/Engine_MaterialFunctions01/Opacity/AlphaOffset.uasset" 840
"../../../Engine/Content/Functions/Engine_MaterialFunctions01/Opacity/AlphaOffset.uexp" 841
"../../../Engine/Content/MapTemplates/Sky/DaylightAmbientCubemap.uasset" 842
"../../../Engine/Content/MapTemplates/Sky/DaylightAmbientCubemap.uexp" 843
"../../../Engine/Content/ArtTools/RenderToTexture/MaterialFunctions/CheckerPattern.uasset" 844
"../../../Engine/Content/ArtTools/RenderToTexture/MaterialFunctions/CheckerPattern.uexp" 845
"../../../Engine/Content/Functions/Engine_MaterialFunctions02/ScreenResolution.uasset" 846
"../../../Engine/Content/Functions/Engine_MaterialFunctions02/ScreenResolution.uexp" 847
"../../../Engine/Content/Functions/Engine_MaterialFunctions02/Texturing/ScreenAlignedUVs.uasset" 848
"../../../Engine/Content/Functions/Engine_MaterialFunctions02/Texturing/ScreenAlignedUVs.uexp" 849
"../../../Engine/Content/EditorMaterials/Thumbnails/SkySphereMaterial.uasset" 850
"../../../Engine/Content/EditorMaterials/Thumbnails/SkySphereMaterial.uexp" 851
"../../../Engine/Content/EditorMeshes/ColorCalibrator/M_GreyBall.uasset" 852
"../../../Engine/Content/EditorMeshes/ColorCalibrator/M_GreyBall.uexp" 853
"../../../Engine/Content/EditorMeshes/ColorCalibrator/M_ClearCoat.uasset" 854
"../../../Engine/Content/EditorMeshes/ColorCalibrator/M_ClearCoat.uexp" 855
"../../../Engine/Content/EditorMeshes/ColorCalibrator/M_ChromeBall.uasset" 856
"../../../Engine/Content/EditorMeshes/ColorCalibrator/M_ChromeBall.uexp" 857
"../../../Engine/Content/EditorMeshes/ColorCalibrator/M_ClearCoatBlack.uasset" 858
"../../../Engine/Content/EditorMeshes/ColorCalibrator/M_ClearCoatBlack.uexp" 859
"../../../Engine/Content/EditorMeshes/ColorCalibrator/Color_checker.ubulk" 860
"../../../Engine/Content/EditorMeshes/ColorCalibrator/Color_checker.uasset" 861
"../../../Engine/Content/EditorMeshes/ColorCalibrator/Color_checker.uexp" 862
"../../../Engine/Content/EditorMeshes/ColorCalibrator/M_ColorGrid.uasset" 863
"../../../Engine/Content/EditorMeshes/ColorCalibrator/M_ColorGrid.uexp" 864
"../../../Engine/Content/EditorMeshes/ColorCalibrator/SM_ColorCalibrator.ubulk" 865
"../../../Engine/Content/EditorMeshes/ColorCalibrator/SM_ColorCalibrator.uasset" 866
"../../../Engine/Content/EditorMeshes/ColorCalibrator/SM_ColorCalibrator.uexp" 867
"../../../Engine/Content/Maps/Templates/HLODs/HLODLayer_Instanced.uasset" 868
"../../../Engine/Content/Maps/Templates/HLODs/HLODLayer_Instanced.uexp" 869
"../../../Engine/Content/BasicShapes/BasicShapeMaterial.uasset" 870
"../../../Engine/Content/BasicShapes/BasicShapeMaterial.uexp" 871
"../../../Engine/Content/EngineSky/M_SimpleSkyDome.uasset" 872
"../../../Engine/Content/EngineSky/M_SimpleSkyDome.uexp" 873
"../../../Engine/Content/Maps/Entry_BuiltData.uasset" 874
"../../../Engine/Content/Maps/Entry_BuiltData.uexp" 875
"../../../Engine/Content/Maps/Entry.uexp" 876
"../../../Engine/Content/Maps/Entry.umap" 877
